<?xml version="1.0" encoding="UTF-8"?>
<testsuite name="prasenjit.BinarySearchTreeTest" tests="2" skipped="0" failures="0" errors="0" timestamp="2020-04-06T11:01:29" hostname="in-cprasenj.local" time="0.003">
  <properties/>
  <testcase name="shouldDoInOrderTraversal" classname="prasenjit.BinarySearchTreeTest" time="0.003"/>
  <testcase name="shouldInsertValuesInTheTree" classname="prasenjit.BinarySearchTreeTest" time="0.0"/>
  <system-out><![CDATA[]]></system-out>
  <system-err><![CDATA[]]></system-err>
</testsuite>
