<?xml version="1.0" encoding="UTF-8"?>
<testsuite name="prasenjit.tree.BinarySearchTreeTest" tests="3" skipped="0" failures="0" errors="0" timestamp="2020-04-07T15:56:49" hostname="in-cprasenj.local" time="0.006">
  <properties/>
  <testcase name="shouldDoInOrderTraversal" classname="prasenjit.tree.BinarySearchTreeTest" time="0.004"/>
  <testcase name="shouldGiveTheHeightOfTheBST" classname="prasenjit.tree.BinarySearchTreeTest" time="0.001"/>
  <testcase name="shouldInsertValuesInTheTree" classname="prasenjit.tree.BinarySearchTreeTest" time="0.0"/>
  <system-out><![CDATA[]]></system-out>
  <system-err><![CDATA[]]></system-err>
</testsuite>
